#
# There is insufficient memory for the Java Runtime Environment to continue.
# Native memory allocation (malloc) failed to allocate 460016 bytes. Error detail: Chunk::new
# Possible reasons:
#   The system is out of physical RAM or swap space
#   This process is running with CompressedOops enabled, and the Java Heap may be blocking the growth of the native heap
# Possible solutions:
#   Reduce memory load on the system
#   Increase physical memory or swap space
#   Check if swap backing store is full
#   Decrease Java heap size (-Xmx/-Xms)
#   Decrease number of Java threads
#   Decrease Java thread stack sizes (-Xss)
#   Set larger code cache with -XX:ReservedCodeCacheSize=
#   JVM is running with Unscaled Compressed Oops mode in which the Java heap is
#     placed in the first 4GB address space. The Java Heap base address is the
#     maximum limit for the native heap growth. Please use -XX:HeapBaseMinAddress
#     to set the Java Heap base and to place the Java Heap above 4GB virtual address.
# This output file may be truncated or incomplete.
#
#  Out of Memory Error (arena.cpp:168), pid=27708, tid=24008
#
# JRE version: OpenJDK Runtime Environment Temurin-21.0.8+9 (21.0.8+9) (build 21.0.8+9-LTS)
# Java VM: OpenJDK 64-Bit Server VM Temurin-21.0.8+9 (21.0.8+9-LTS, mixed mode, sharing, tiered, compressed oops, compressed class ptrs, parallel gc, windows-amd64)
# No core dump will be written. Minidumps are not enabled by default on client versions of Windows
#

---------------  S U M M A R Y ------------

Command Line: --add-modules=ALL-SYSTEM --add-opens=java.base/java.util=ALL-UNNAMED --add-opens=java.base/java.lang=ALL-UNNAMED --add-opens=java.base/sun.nio.fs=ALL-UNNAMED -Declipse.application=org.eclipse.jdt.ls.core.id1 -Dosgi.bundles.defaultStartLevel=4 -Declipse.product=org.eclipse.jdt.ls.core.product -Djava.import.generatesMetadataFilesAtProjectRoot=false -DDetectVMInstallationsJob.disabled=true -Dfile.encoding=utf8 -XX:+UseParallelGC -XX:GCTimeRatio=4 -XX:AdaptiveSizePolicyWeight=90 -Dsun.zip.disableMemoryMapping=true -Xmx2G -Xms100m -Xlog:disable -javaagent:c:\Users\Jason\.vscode\extensions\redhat.java-1.46.0-win32-x64\lombok\lombok-1.18.39-4050.jar c:\Users\Jason\.vscode\extensions\redhat.java-1.46.0-win32-x64\server\plugins\org.eclipse.equinox.launcher_1.7.0.v20250519-0528.jar -configuration c:\Users\Jason\AppData\Roaming\Code\User\globalStorage\redhat.java\1.46.0\config_ss_win -data c:\Users\Jason\AppData\Roaming\Code\User\workspaceStorage\10fffda7818e32b670e11f7ee4501fb7\redhat.java\ss_ws --pipe=\\.\pipe\lsp-27c673253173cdc1038c7d83e86f7b4a-sock

Host: AMD Ryzen 7 7840HS w/ Radeon 780M Graphics     , 16 cores, 15G,  Windows 11 , 64 bit Build 26100 (10.0.26100.6725)
Time: Wed Oct 15 20:42:41 2025 elapsed time: 18.317842 seconds (0d 0h 0m 18s)

---------------  T H R E A D  ---------------

Current thread (0x000001cd69f5eb90):  JavaThread "C2 CompilerThread0" daemon [_thread_in_native, id=24008, stack(0x000000a6b9e00000,0x000000a6b9f00000) (1024K)]


Current CompileTask:
C2:18317 2730       4       org.lombokweb.asm.MethodWriter::<init> (232 bytes)

Stack: [0x000000a6b9e00000,0x000000a6b9f00000]
Native frames: (J=compiled Java code, j=interpreted, Vv=VM code, C=native code)
V  [jvm.dll+0x6d2449]
V  [jvm.dll+0x8ae341]
V  [jvm.dll+0x8b08be]
V  [jvm.dll+0x8b0fa3]
V  [jvm.dll+0x280c96]
V  [jvm.dll+0xc581d]
V  [jvm.dll+0xc5d53]
V  [jvm.dll+0x3b9162]
V  [jvm.dll+0x385315]
V  [jvm.dll+0x38477a]
V  [jvm.dll+0x248ed0]
V  [jvm.dll+0x2484af]
V  [jvm.dll+0x1c89ee]
V  [jvm.dll+0x257d4d]
V  [jvm.dll+0x2562ea]
V  [jvm.dll+0x3f2d16]
V  [jvm.dll+0x857e6b]
V  [jvm.dll+0x6d0b0d]
C  [ucrtbase.dll+0x37b0]
C  [KERNEL32.DLL+0x2e8d7]
C  [ntdll.dll+0x8c53c]


---------------  P R O C E S S  ---------------

Threads class SMR info:
_java_thread_list=0x000001cd70592ce0, length=22, elements={
0x000001cd0ed3a920, 0x000001cd27879f30, 0x000001cd2787ad40, 0x000001cd69f49890,
0x000001cd69f4a4e0, 0x000001cd69f4b130, 0x000001cd69f53620, 0x000001cd69f5eb90,
0x000001cd69f87a50, 0x000001cd6a0df4f0, 0x000001cd6a0dfb80, 0x000001cd6a0ddab0,
0x000001cd6a0dc700, 0x000001cd6a0de7d0, 0x000001cd6a0de140, 0x000001cd70297290,
0x000001cd6a0dee60, 0x000001cd6b7aec70, 0x000001cd6be5a110, 0x000001cd6a0dcd90,
0x000001cd6a0dd420, 0x000001cd712b3010
}

Java Threads: ( => current thread )
  0x000001cd0ed3a920 JavaThread "main"                              [_thread_blocked, id=25352, stack(0x000000a6b9400000,0x000000a6b9500000) (1024K)]
  0x000001cd27879f30 JavaThread "Reference Handler"          daemon [_thread_blocked, id=29024, stack(0x000000a6b9800000,0x000000a6b9900000) (1024K)]
  0x000001cd2787ad40 JavaThread "Finalizer"                  daemon [_thread_blocked, id=10720, stack(0x000000a6b9900000,0x000000a6b9a00000) (1024K)]
  0x000001cd69f49890 JavaThread "Signal Dispatcher"          daemon [_thread_blocked, id=10324, stack(0x000000a6b9a00000,0x000000a6b9b00000) (1024K)]
  0x000001cd69f4a4e0 JavaThread "Attach Listener"            daemon [_thread_blocked, id=18872, stack(0x000000a6b9b00000,0x000000a6b9c00000) (1024K)]
  0x000001cd69f4b130 JavaThread "Service Thread"             daemon [_thread_blocked, id=33584, stack(0x000000a6b9c00000,0x000000a6b9d00000) (1024K)]
  0x000001cd69f53620 JavaThread "Monitor Deflation Thread"   daemon [_thread_blocked, id=34268, stack(0x000000a6b9d00000,0x000000a6b9e00000) (1024K)]
=>0x000001cd69f5eb90 JavaThread "C2 CompilerThread0"         daemon [_thread_in_native, id=24008, stack(0x000000a6b9e00000,0x000000a6b9f00000) (1024K)]
  0x000001cd69f87a50 JavaThread "C1 CompilerThread0"         daemon [_thread_blocked, id=6872, stack(0x000000a6b9f00000,0x000000a6ba000000) (1024K)]
  0x000001cd6a0df4f0 JavaThread "Common-Cleaner"             daemon [_thread_blocked, id=32864, stack(0x000000a6ba100000,0x000000a6ba200000) (1024K)]
  0x000001cd6a0dfb80 JavaThread "Notification Thread"        daemon [_thread_blocked, id=28184, stack(0x000000a6ba600000,0x000000a6ba700000) (1024K)]
  0x000001cd6a0ddab0 JavaThread "Active Thread: Equinox Container: d0a8862d-08e5-4804-83c8-bca170e57de9"        [_thread_blocked, id=23856, stack(0x000000a6bae00000,0x000000a6baf00000) (1024K)]
  0x000001cd6a0dc700 JavaThread "Framework Event Dispatcher: Equinox Container: d0a8862d-08e5-4804-83c8-bca170e57de9" daemon [_thread_blocked, id=9440, stack(0x000000a6ba000000,0x000000a6ba100000) (1024K)]
  0x000001cd6a0de7d0 JavaThread "Start Level: Equinox Container: d0a8862d-08e5-4804-83c8-bca170e57de9" daemon [_thread_in_vm, id=19832, stack(0x000000a6ba300000,0x000000a6ba400000) (1024K)]
  0x000001cd6a0de140 JavaThread "SCR Component Actor"        daemon [_thread_blocked, id=15696, stack(0x000000a6ba400000,0x000000a6ba500000) (1024K)]
  0x000001cd70297290 JavaThread "C1 CompilerThread1"         daemon [_thread_blocked, id=25716, stack(0x000000a6ba500000,0x000000a6ba600000) (1024K)]
  0x000001cd6a0dee60 JavaThread "Worker-JM"                         [_thread_blocked, id=34440, stack(0x000000a6bad00000,0x000000a6bae00000) (1024K)]
  0x000001cd6b7aec70 JavaThread "C1 CompilerThread2"         daemon [_thread_blocked, id=29492, stack(0x000000a6bb100000,0x000000a6bb200000) (1024K)]
  0x000001cd6be5a110 JavaThread "C2 CompilerThread1"         daemon [_thread_in_native, id=25696, stack(0x000000a6bb200000,0x000000a6bb300000) (1024K)]
  0x000001cd6a0dcd90 JavaThread "Worker-0"                          [_thread_blocked, id=19344, stack(0x000000a6bb300000,0x000000a6bb400000) (1024K)]
  0x000001cd6a0dd420 JavaThread "Worker-1"                          [_thread_blocked, id=27192, stack(0x000000a6bb400000,0x000000a6bb500000) (1024K)]
  0x000001cd712b3010 JavaThread "C2 CompilerThread2"         daemon [_thread_in_native, id=16556, stack(0x000000a6bb500000,0x000000a6bb600000) (1024K)]
Total: 22

Other Threads:
  0x000001cd1085ea60 VMThread "VM Thread"                           [id=10972, stack(0x000000a6b9700000,0x000000a6b9800000) (1024K)]
  0x000001cd10809180 WatcherThread "VM Periodic Task Thread"        [id=10884, stack(0x000000a6b9600000,0x000000a6b9700000) (1024K)]
  0x000001cd107bc440 WorkerThread "GC Thread#0"                     [id=12156, stack(0x000000a6b9500000,0x000000a6b9600000) (1024K)]
  0x000001cd6bab2a00 WorkerThread "GC Thread#1"                     [id=9944, stack(0x000000a6ba700000,0x000000a6ba800000) (1024K)]
  0x000001cd7035b820 WorkerThread "GC Thread#2"                     [id=26276, stack(0x000000a6ba800000,0x000000a6ba900000) (1024K)]
  0x000001cd6baaf8d0 WorkerThread "GC Thread#3"                     [id=7816, stack(0x000000a6ba900000,0x000000a6baa00000) (1024K)]
  0x000001cd6baafc70 WorkerThread "GC Thread#4"                     [id=23704, stack(0x000000a6baa00000,0x000000a6bab00000) (1024K)]
  0x000001cd6bab0010 WorkerThread "GC Thread#5"                     [id=26436, stack(0x000000a6bab00000,0x000000a6bac00000) (1024K)]
  0x000001cd6baa5080 WorkerThread "GC Thread#6"                     [id=3980, stack(0x000000a6bac00000,0x000000a6bad00000) (1024K)]
  0x000001cd6bce7020 WorkerThread "GC Thread#7"                     [id=6716, stack(0x000000a6ba200000,0x000000a6ba300000) (1024K)]
  0x000001cd6bce6c80 WorkerThread "GC Thread#8"                     [id=23356, stack(0x000000a6baf00000,0x000000a6bb000000) (1024K)]
  0x000001cd6bce68e0 WorkerThread "GC Thread#9"                     [id=9964, stack(0x000000a6bb000000,0x000000a6bb100000) (1024K)]
  0x000001cd6b8da3f0 WorkerThread "GC Thread#10"                    [id=19732, stack(0x000000a6bb600000,0x000000a6bb700000) (1024K)]
  0x000001cd6b8d7c10 WorkerThread "GC Thread#11"                    [id=11012, stack(0x000000a6bb700000,0x000000a6bb800000) (1024K)]
  0x000001cd6b8d9910 WorkerThread "GC Thread#12"                    [id=24376, stack(0x000000a6bb800000,0x000000a6bb900000) (1024K)]
Total: 15

Threads with active compile tasks:
C2 CompilerThread0  19348 2730       4       org.lombokweb.asm.MethodWriter::<init> (232 bytes)
C2 CompilerThread1  19348 2719       4       org.lombokweb.asm.ClassReader::readMethod (1070 bytes)
C2 CompilerThread2  19348 2734       4       lombok.patcher.PatchScript$MethodPatcher::visitMethod (158 bytes)
Total: 3

VM state: not at safepoint (normal execution)

VM Mutex/Monitor currently owned by a thread: None

Heap address: 0x0000000080000000, size: 2048 MB, Compressed Oops mode: 32-bit

CDS archive(s) mapped at: [0x000001cd28000000-0x000001cd28ba0000-0x000001cd28ba0000), size 12189696, SharedBaseAddress: 0x000001cd28000000, ArchiveRelocationMode: 1.
Compressed class space mapped at: 0x000001cd29000000-0x000001cd69000000, reserved size: 1073741824
Narrow klass base: 0x000001cd28000000, Narrow klass shift: 0, Narrow klass range: 0x100000000

GC Precious Log:
 CardTable entry size: 512
 CPUs: 16 total, 16 available
 Memory: 15540M
 Large Page Support: Disabled
 NUMA Support: Disabled
 Compressed Oops: Enabled (32-bit)
 Alignments: Space 512K, Generation 512K, Heap 2M
 Heap Min Capacity: 100M
 Heap Initial Capacity: 100M
 Heap Max Capacity: 2G
 Pre-touch: Disabled
 Parallel Workers: 13

Heap:
 PSYoungGen      total 29184K, used 9951K [0x00000000d5580000, 0x00000000d7a00000, 0x0000000100000000)
  eden space 25088K, 23% used [0x00000000d5580000,0x00000000d5b3ab70,0x00000000d6e00000)
  from space 4096K, 99% used [0x00000000d6e80000,0x00000000d727d140,0x00000000d7280000)
  to   space 6144K, 0% used [0x00000000d7400000,0x00000000d7400000,0x00000000d7a00000)
 ParOldGen       total 68608K, used 6662K [0x0000000080000000, 0x0000000084300000, 0x00000000d5580000)
  object space 68608K, 9% used [0x0000000080000000,0x0000000080681aa0,0x0000000084300000)
 Metaspace       used 20664K, committed 21312K, reserved 1114112K
  class space    used 2001K, committed 2304K, reserved 1048576K

Card table byte_map: [0x000001cd22bc0000,0x000001cd22fd0000] _byte_map_base: 0x000001cd227c0000

Marking Bits: (ParMarkBitMap*) 0x00007fffe5eea340
 Begin Bits: [0x000001cd23280000, 0x000001cd25280000)
 End Bits:   [0x000001cd25280000, 0x000001cd27280000)

Polling page: 0x000001cd0ef60000

Metaspace:

Usage:
  Non-class:     18.23 MB used.
      Class:      1.95 MB used.
       Both:     20.18 MB used.

Virtual space:
  Non-class space:       64.00 MB reserved,      18.56 MB ( 29%) committed,  1 nodes.
      Class space:        1.00 GB reserved,       2.25 MB ( <1%) committed,  1 nodes.
             Both:        1.06 GB reserved,      20.81 MB (  2%) committed. 

Chunk freelists:
   Non-Class:  12.70 MB
       Class:  13.59 MB
        Both:  26.30 MB

MaxMetaspaceSize: unlimited
CompressedClassSpaceSize: 1.00 GB
Initial GC threshold: 21.00 MB
Current GC threshold: 21.00 MB
CDS: on
 - commit_granule_bytes: 65536.
 - commit_granule_words: 8192.
 - virtual_space_node_default_size: 8388608.
 - enlarge_chunks_in_place: 1.
 - use_allocation_guard: 0.


Internal statistics:

num_allocs_failed_limit: 0.
num_arena_births: 454.
num_arena_deaths: 0.
num_vsnodes_births: 2.
num_vsnodes_deaths: 0.
num_space_committed: 333.
num_space_uncommitted: 0.
num_chunks_returned_to_freelist: 0.
num_chunks_taken_from_freelist: 1207.
num_chunk_merges: 0.
num_chunk_splits: 787.
num_chunks_enlarged: 527.
num_inconsistent_stats: 0.

CodeHeap 'non-profiled nmethods': size=119168Kb used=1115Kb max_used=1115Kb free=118052Kb
 bounds [0x000001cd1b580000, 0x000001cd1b7f0000, 0x000001cd229e0000]
CodeHeap 'profiled nmethods': size=119104Kb used=5368Kb max_used=5368Kb free=113735Kb
 bounds [0x000001cd139e0000, 0x000001cd13f20000, 0x000001cd1ae30000]
CodeHeap 'non-nmethods': size=7488Kb used=2441Kb max_used=2942Kb free=5046Kb
 bounds [0x000001cd1ae30000, 0x000001cd1b120000, 0x000001cd1b580000]
CodeCache: size=245760Kb, used=8924Kb, max_used=9425Kb, free=236833Kb
 total_blobs=3328, nmethods=2738, adapters=494, full_count=0
Compilation: enabled, stopped_count=0, restarted_count=0

Compilation events (20 events):
Event: 17.263 Thread 0x000001cd6b7aec70 nmethod 2725 0x000001cd13f12810 code [0x000001cd13f12a60, 0x000001cd13f13358]
Event: 17.263 Thread 0x000001cd69f5eb90 nmethod 2726 0x000001cd1b694810 code [0x000001cd1b6949a0, 0x000001cd1b694a70]
Event: 17.263 Thread 0x000001cd69f87a50 2724       1       lombok.patcher.MethodLogistics::getReturnOpcode (5 bytes)
Event: 17.263 Thread 0x000001cd6b7aec70 2721       3       java.util.regex.Pattern$BranchConn::match (11 bytes)
Event: 17.263 Thread 0x000001cd69f87a50 nmethod 2724 0x000001cd1b694b10 code [0x000001cd1b694ca0, 0x000001cd1b694d68]
Event: 17.263 Thread 0x000001cd6b7aec70 nmethod 2721 0x000001cd13f13590 code [0x000001cd13f13740, 0x000001cd13f13918]
Event: 17.264 Thread 0x000001cd70297290 nmethod 2718 0x000001cd13f13a10 code [0x000001cd13f13fe0, 0x000001cd13f16928]
Event: 17.269 Thread 0x000001cd69f5eb90 2727   !   4       java.util.WeakHashMap::expungeStaleEntries (139 bytes)
Event: 17.274 Thread 0x000001cd69f5eb90 nmethod 2727 0x000001cd1b694e10 code [0x000001cd1b695000, 0x000001cd1b6953c8]
Event: 17.274 Thread 0x000001cd69f5eb90 2728       4       java.util.WeakHashMap::hash (28 bytes)
Event: 17.275 Thread 0x000001cd69f5eb90 nmethod 2728 0x000001cd1b695810 code [0x000001cd1b6959a0, 0x000001cd1b695ad8]
Event: 17.282 Thread 0x000001cd6b7aec70 2729       3       org.lombokweb.asm.SymbolTable::hash (14 bytes)
Event: 17.282 Thread 0x000001cd6b7aec70 nmethod 2729 0x000001cd13f17b90 code [0x000001cd13f17d20, 0x000001cd13f17e28]
Event: 17.283 Thread 0x000001cd69f5eb90 2730       4       org.lombokweb.asm.MethodWriter::<init> (232 bytes)
Event: 17.284 Thread 0x000001cd6b7aec70 2732       3       org.lombokweb.asm.MethodWriter::visitFrame (811 bytes)
Event: 17.284 Thread 0x000001cd69f87a50 2733       3       org.lombokweb.asm.ClassReader::readStackMapFrame (535 bytes)
Event: 17.286 Thread 0x000001cd69f87a50 nmethod 2733 0x000001cd13f17e90 code [0x000001cd13f18140, 0x000001cd13f19110]
Event: 17.286 Thread 0x000001cd6b7aec70 nmethod 2732 0x000001cd13f19710 code [0x000001cd13f19c40, 0x000001cd13f1be88]
Event: 17.286 Thread 0x000001cd6b7aec70 2735       3       org.lombokweb.asm.ByteVector::putByteArray (49 bytes)
Event: 17.287 Thread 0x000001cd6b7aec70 nmethod 2735 0x000001cd13f1cd90 code [0x000001cd13f1cf60, 0x000001cd13f1d228]

GC Heap History (10 events):
Event: 0.690 GC heap before
{Heap before GC invocations=1 (full 0):
 PSYoungGen      total 29696K, used 25600K [0x00000000d5580000, 0x00000000d7680000, 0x0000000100000000)
  eden space 25600K, 100% used [0x00000000d5580000,0x00000000d6e80000,0x00000000d6e80000)
  from space 4096K, 0% used [0x00000000d7280000,0x00000000d7280000,0x00000000d7680000)
  to   space 4096K, 0% used [0x00000000d6e80000,0x00000000d6e80000,0x00000000d7280000)
 ParOldGen       total 68608K, used 0K [0x0000000080000000, 0x0000000084300000, 0x00000000d5580000)
  object space 68608K, 0% used [0x0000000080000000,0x0000000080000000,0x0000000084300000)
 Metaspace       used 4136K, committed 4416K, reserved 1114112K
  class space    used 452K, committed 576K, reserved 1048576K
}
Event: 0.696 GC heap after
{Heap after GC invocations=1 (full 0):
 PSYoungGen      total 29696K, used 3659K [0x00000000d5580000, 0x00000000d7680000, 0x0000000100000000)
  eden space 25600K, 0% used [0x00000000d5580000,0x00000000d5580000,0x00000000d6e80000)
  from space 4096K, 89% used [0x00000000d6e80000,0x00000000d7212d90,0x00000000d7280000)
  to   space 4096K, 0% used [0x00000000d7280000,0x00000000d7280000,0x00000000d7680000)
 ParOldGen       total 68608K, used 16K [0x0000000080000000, 0x0000000084300000, 0x00000000d5580000)
  object space 68608K, 0% used [0x0000000080000000,0x0000000080004000,0x0000000084300000)
 Metaspace       used 4136K, committed 4416K, reserved 1114112K
  class space    used 452K, committed 576K, reserved 1048576K
}
Event: 4.224 GC heap before
{Heap before GC invocations=2 (full 0):
 PSYoungGen      total 29696K, used 29259K [0x00000000d5580000, 0x00000000d7680000, 0x0000000100000000)
  eden space 25600K, 100% used [0x00000000d5580000,0x00000000d6e80000,0x00000000d6e80000)
  from space 4096K, 89% used [0x00000000d6e80000,0x00000000d7212d90,0x00000000d7280000)
  to   space 4096K, 0% used [0x00000000d7280000,0x00000000d7280000,0x00000000d7680000)
 ParOldGen       total 68608K, used 16K [0x0000000080000000, 0x0000000084300000, 0x00000000d5580000)
  object space 68608K, 0% used [0x0000000080000000,0x0000000080004000,0x0000000084300000)
 Metaspace       used 7949K, committed 8192K, reserved 1114112K
  class space    used 829K, committed 960K, reserved 1048576K
}
Event: 4.229 GC heap after
{Heap after GC invocations=2 (full 0):
 PSYoungGen      total 29696K, used 4085K [0x00000000d5580000, 0x00000000d7680000, 0x0000000100000000)
  eden space 25600K, 0% used [0x00000000d5580000,0x00000000d5580000,0x00000000d6e80000)
  from space 4096K, 99% used [0x00000000d7280000,0x00000000d767d790,0x00000000d7680000)
  to   space 4096K, 0% used [0x00000000d6e80000,0x00000000d6e80000,0x00000000d7280000)
 ParOldGen       total 68608K, used 853K [0x0000000080000000, 0x0000000084300000, 0x00000000d5580000)
  object space 68608K, 1% used [0x0000000080000000,0x00000000800d56f0,0x0000000084300000)
 Metaspace       used 7949K, committed 8192K, reserved 1114112K
  class space    used 829K, committed 960K, reserved 1048576K
}
Event: 16.752 GC heap before
{Heap before GC invocations=3 (full 0):
 PSYoungGen      total 29696K, used 29685K [0x00000000d5580000, 0x00000000d7680000, 0x0000000100000000)
  eden space 25600K, 100% used [0x00000000d5580000,0x00000000d6e80000,0x00000000d6e80000)
  from space 4096K, 99% used [0x00000000d7280000,0x00000000d767d790,0x00000000d7680000)
  to   space 4096K, 0% used [0x00000000d6e80000,0x00000000d6e80000,0x00000000d7280000)
 ParOldGen       total 68608K, used 853K [0x0000000080000000, 0x0000000084300000, 0x00000000d5580000)
  object space 68608K, 1% used [0x0000000080000000,0x00000000800d56f0,0x0000000084300000)
 Metaspace       used 12783K, committed 13312K, reserved 1114112K
  class space    used 1354K, committed 1600K, reserved 1048576K
}
Event: 16.757 GC heap after
{Heap after GC invocations=3 (full 0):
 PSYoungGen      total 29696K, used 4089K [0x00000000d5580000, 0x00000000d7680000, 0x0000000100000000)
  eden space 25600K, 0% used [0x00000000d5580000,0x00000000d5580000,0x00000000d6e80000)
  from space 4096K, 99% used [0x00000000d6e80000,0x00000000d727e4e8,0x00000000d7280000)
  to   space 4096K, 0% used [0x00000000d7280000,0x00000000d7280000,0x00000000d7680000)
 ParOldGen       total 68608K, used 2471K [0x0000000080000000, 0x0000000084300000, 0x00000000d5580000)
  object space 68608K, 3% used [0x0000000080000000,0x0000000080269f50,0x0000000084300000)
 Metaspace       used 12783K, committed 13312K, reserved 1114112K
  class space    used 1354K, committed 1600K, reserved 1048576K
}
Event: 17.106 GC heap before
{Heap before GC invocations=4 (full 0):
 PSYoungGen      total 29696K, used 29624K [0x00000000d5580000, 0x00000000d7680000, 0x0000000100000000)
  eden space 25600K, 99% used [0x00000000d5580000,0x00000000d6e6fd38,0x00000000d6e80000)
  from space 4096K, 99% used [0x00000000d6e80000,0x00000000d727e4e8,0x00000000d7280000)
  to   space 4096K, 0% used [0x00000000d7280000,0x00000000d7280000,0x00000000d7680000)
 ParOldGen       total 68608K, used 2471K [0x0000000080000000, 0x0000000084300000, 0x00000000d5580000)
  object space 68608K, 3% used [0x0000000080000000,0x0000000080269f50,0x0000000084300000)
 Metaspace       used 16237K, committed 16896K, reserved 1114112K
  class space    used 1686K, committed 1984K, reserved 1048576K
}
Event: 17.110 GC heap after
{Heap after GC invocations=4 (full 0):
 PSYoungGen      total 29696K, used 4067K [0x00000000d5580000, 0x00000000d7680000, 0x0000000100000000)
  eden space 25600K, 0% used [0x00000000d5580000,0x00000000d5580000,0x00000000d6e80000)
  from space 4096K, 99% used [0x00000000d7280000,0x00000000d7678e58,0x00000000d7680000)
  to   space 4096K, 0% used [0x00000000d6e80000,0x00000000d6e80000,0x00000000d7280000)
 ParOldGen       total 68608K, used 4767K [0x0000000080000000, 0x0000000084300000, 0x00000000d5580000)
  object space 68608K, 6% used [0x0000000080000000,0x00000000804a7e38,0x0000000084300000)
 Metaspace       used 16237K, committed 16896K, reserved 1114112K
  class space    used 1686K, committed 1984K, reserved 1048576K
}
Event: 17.288 GC heap before
{Heap before GC invocations=5 (full 0):
 PSYoungGen      total 29696K, used 29667K [0x00000000d5580000, 0x00000000d7680000, 0x0000000100000000)
  eden space 25600K, 100% used [0x00000000d5580000,0x00000000d6e80000,0x00000000d6e80000)
  from space 4096K, 99% used [0x00000000d7280000,0x00000000d7678e58,0x00000000d7680000)
  to   space 4096K, 0% used [0x00000000d6e80000,0x00000000d6e80000,0x00000000d7280000)
 ParOldGen       total 68608K, used 4767K [0x0000000080000000, 0x0000000084300000, 0x00000000d5580000)
  object space 68608K, 6% used [0x0000000080000000,0x00000000804a7e38,0x0000000084300000)
 Metaspace       used 19567K, committed 20224K, reserved 1114112K
  class space    used 1934K, committed 2240K, reserved 1048576K
}
Event: 17.293 GC heap after
{Heap after GC invocations=5 (full 0):
 PSYoungGen      total 29184K, used 4084K [0x00000000d5580000, 0x00000000d7a00000, 0x0000000100000000)
  eden space 25088K, 0% used [0x00000000d5580000,0x00000000d5580000,0x00000000d6e00000)
  from space 4096K, 99% used [0x00000000d6e80000,0x00000000d727d140,0x00000000d7280000)
  to   space 6144K, 0% used [0x00000000d7400000,0x00000000d7400000,0x00000000d7a00000)
 ParOldGen       total 68608K, used 6662K [0x0000000080000000, 0x0000000084300000, 0x00000000d5580000)
  object space 68608K, 9% used [0x0000000080000000,0x0000000080681aa0,0x0000000084300000)
 Metaspace       used 19567K, committed 20224K, reserved 1114112K
  class space    used 1934K, committed 2240K, reserved 1048576K
}

Dll operation events (11 events):
Event: 0.072 Loaded shared library c:\Users\Jason\.vscode\extensions\redhat.java-1.46.0-win32-x64\jre\21.0.8-win32-x86_64\bin\java.dll
Event: 0.114 Loaded shared library c:\Users\Jason\.vscode\extensions\redhat.java-1.46.0-win32-x64\jre\21.0.8-win32-x86_64\bin\zip.dll
Event: 0.156 Loaded shared library C:\Users\Jason\.vscode\extensions\redhat.java-1.46.0-win32-x64\jre\21.0.8-win32-x86_64\bin\instrument.dll
Event: 0.159 Loaded shared library C:\Users\Jason\.vscode\extensions\redhat.java-1.46.0-win32-x64\jre\21.0.8-win32-x86_64\bin\net.dll
Event: 0.161 Loaded shared library C:\Users\Jason\.vscode\extensions\redhat.java-1.46.0-win32-x64\jre\21.0.8-win32-x86_64\bin\nio.dll
Event: 0.164 Loaded shared library C:\Users\Jason\.vscode\extensions\redhat.java-1.46.0-win32-x64\jre\21.0.8-win32-x86_64\bin\zip.dll
Event: 0.176 Loaded shared library C:\Users\Jason\.vscode\extensions\redhat.java-1.46.0-win32-x64\jre\21.0.8-win32-x86_64\bin\jimage.dll
Event: 0.226 Loaded shared library c:\Users\Jason\.vscode\extensions\redhat.java-1.46.0-win32-x64\jre\21.0.8-win32-x86_64\bin\verify.dll
Event: 11.479 Loaded shared library C:\Users\Jason\AppData\Roaming\Code\User\globalStorage\redhat.java\1.46.0\config_ss_win\org.eclipse.equinox.launcher\org.eclipse.equinox.launcher.win32.win32.x86_64_1.2.1400.v20250801-0854\eclipse_11916.dll
Event: 16.844 Loaded shared library C:\Users\Jason\.vscode\extensions\redhat.java-1.46.0-win32-x64\jre\21.0.8-win32-x86_64\bin\management.dll
Event: 16.851 Loaded shared library C:\Users\Jason\.vscode\extensions\redhat.java-1.46.0-win32-x64\jre\21.0.8-win32-x86_64\bin\management_ext.dll

Deoptimization events (20 events):
Event: 17.054 Thread 0x000001cd6a0de7d0 DEOPT PACKING pc=0x000001cd1b67103c sp=0x000000a6ba3ef5d0
Event: 17.054 Thread 0x000001cd6a0de7d0 DEOPT UNPACKING pc=0x000001cd1ae86da2 sp=0x000000a6ba3ef578 mode 2
Event: 17.054 Thread 0x000001cd6a0de7d0 Uncommon trap: trap_request=0xffffffde fr.pc=0x000001cd1b67103c relative=0x00000000000001fc
Event: 17.054 Thread 0x000001cd6a0de7d0 Uncommon trap: reason=class_check action=maybe_recompile pc=0x000001cd1b67103c method=java.util.regex.Pattern$BmpCharPropertyGreedy.match(Ljava/util/regex/Matcher;ILjava/lang/CharSequence;)Z @ 70 c2
Event: 17.054 Thread 0x000001cd6a0de7d0 DEOPT PACKING pc=0x000001cd1b67103c sp=0x000000a6ba3ef420
Event: 17.054 Thread 0x000001cd6a0de7d0 DEOPT UNPACKING pc=0x000001cd1ae86da2 sp=0x000000a6ba3ef3c8 mode 2
Event: 17.068 Thread 0x000001cd6a0de7d0 DEOPT PACKING pc=0x000001cd13e03ab5 sp=0x000000a6ba3f55b0
Event: 17.068 Thread 0x000001cd6a0de7d0 DEOPT UNPACKING pc=0x000001cd1ae878e2 sp=0x000000a6ba3f4ac0 mode 0
Event: 17.093 Thread 0x000001cd6a0de7d0 Uncommon trap: trap_request=0xffffff45 fr.pc=0x000001cd1b68773c relative=0x00000000000007bc
Event: 17.093 Thread 0x000001cd6a0de7d0 Uncommon trap: reason=unstable_if action=reinterpret pc=0x000001cd1b68773c method=org.lombokweb.asm.ClassReader.readUTF8(I[C)Ljava/lang/String; @ 11 c2
Event: 17.093 Thread 0x000001cd6a0de7d0 DEOPT PACKING pc=0x000001cd1b68773c sp=0x000000a6ba3ef560
Event: 17.093 Thread 0x000001cd6a0de7d0 DEOPT UNPACKING pc=0x000001cd1ae86da2 sp=0x000000a6ba3ef548 mode 2
Event: 17.262 Thread 0x000001cd6a0de7d0 Uncommon trap: trap_request=0xffffff45 fr.pc=0x000001cd1b6941ec relative=0x000000000000014c
Event: 17.262 Thread 0x000001cd6a0de7d0 Uncommon trap: reason=unstable_if action=reinterpret pc=0x000001cd1b6941ec method=org.lombokweb.asm.ByteVector.putByteArray([BII)Lorg/lombokweb/asm/ByteVector; @ 20 c2
Event: 17.262 Thread 0x000001cd6a0de7d0 DEOPT PACKING pc=0x000001cd1b6941ec sp=0x000000a6ba3f2770
Event: 17.262 Thread 0x000001cd6a0de7d0 DEOPT UNPACKING pc=0x000001cd1ae86da2 sp=0x000000a6ba3f2740 mode 2
Event: 17.262 Thread 0x000001cd6a0de7d0 Uncommon trap: trap_request=0xffffff45 fr.pc=0x000001cd1b693b24 relative=0x0000000000000364
Event: 17.262 Thread 0x000001cd6a0de7d0 Uncommon trap: reason=unstable_if action=reinterpret pc=0x000001cd1b693b24 method=org.lombokweb.asm.Label.resolve([BLorg/lombokweb/asm/ByteVector;I)Z @ 81 c2
Event: 17.262 Thread 0x000001cd6a0de7d0 DEOPT PACKING pc=0x000001cd1b693b24 sp=0x000000a6ba3f2800
Event: 17.262 Thread 0x000001cd6a0de7d0 DEOPT UNPACKING pc=0x000001cd1ae86da2 sp=0x000000a6ba3f2708 mode 2

Classes loaded (20 events):
Event: 17.067 Loading class java/util/zip/GZIPInputStream
Event: 17.067 Loading class java/util/zip/GZIPInputStream done
Event: 17.068 Loading class java/util/zip/GZIPOutputStream
Event: 17.068 Loading class java/util/zip/GZIPOutputStream done
Event: 17.071 Loading class java/net/SocketTimeoutException
Event: 17.071 Loading class java/io/InterruptedIOException
Event: 17.071 Loading class java/io/InterruptedIOException done
Event: 17.071 Loading class java/net/SocketTimeoutException done
Event: 17.071 Loading class java/net/SocketException
Event: 17.072 Loading class java/net/SocketException done
Event: 17.072 Loading class java/net/UnknownHostException
Event: 17.072 Loading class java/net/UnknownHostException done
Event: 17.072 Loading class java/net/ProtocolException
Event: 17.072 Loading class java/net/ProtocolException done
Event: 17.083 Loading class java/lang/ThreadLocal$SuppliedThreadLocal
Event: 17.083 Loading class java/lang/ThreadLocal$SuppliedThreadLocal done
Event: 17.127 Loading class java/io/FileWriter
Event: 17.127 Loading class java/io/FileWriter done
Event: 17.128 Loading class java/lang/NegativeArraySizeException
Event: 17.128 Loading class java/lang/NegativeArraySizeException done

Classes unloaded (0 events):
No events

Classes redefined (0 events):
No events

Internal exceptions (20 events):
Event: 16.962 Thread 0x000001cd6a0de7d0 Exception <a 'java/lang/NoSuchMethodError'{0x00000000d6061648}: 'java.lang.Object java.lang.invoke.DirectMethodHandle$Holder.invokeSpecial(java.lang.Object, java.lang.Object, java.lang.Object, long, java.lang.Object)'> (0x00000000d6061648) 
thrown [s\src\hotspot\share\interpreter\linkResolver.cpp, line 773]
Event: 16.962 Thread 0x000001cd6a0de7d0 Exception <a 'java/lang/NoSuchMethodError'{0x00000000d6068e90}: 'java.lang.Object java.lang.invoke.DirectMethodHandle$Holder.newInvokeSpecial(java.lang.Object, java.lang.Object, java.lang.Object, long)'> (0x00000000d6068e90) 
thrown [s\src\hotspot\share\interpreter\linkResolver.cpp, line 773]
Event: 16.962 Thread 0x000001cd6a0de7d0 Exception <a 'java/lang/NoSuchMethodError'{0x00000000d606d280}: 'java.lang.Object java.lang.invoke.DirectMethodHandle$Holder.invokeSpecial(java.lang.Object, java.lang.Object, java.lang.Object, java.lang.Object, long)'> (0x00000000d606d280) 
thrown [s\src\hotspot\share\interpreter\linkResolver.cpp, line 773]
Event: 16.962 Thread 0x000001cd6a0de7d0 Exception <a 'java/lang/NoSuchMethodError'{0x00000000d6070ea0}: 'java.lang.Object java.lang.invoke.Invokers$Holder.linkToTargetMethod(java.lang.Object, java.lang.Object, long, java.lang.Object)'> (0x00000000d6070ea0) 
thrown [s\src\hotspot\share\interpreter\linkResolver.cpp, line 773]
Event: 16.977 Thread 0x000001cd6a0de7d0 Exception <a 'java/lang/IncompatibleClassChangeError'{0x00000000d6165f70}: Found class java.lang.Object, but interface was expected> (0x00000000d6165f70) 
thrown [s\src\hotspot\share\interpreter\linkResolver.cpp, line 840]
Event: 16.978 Thread 0x000001cd6a0de7d0 Exception <a 'java/lang/NoSuchMethodError'{0x00000000d6169b30}: 'java.lang.Object java.lang.invoke.DirectMethodHandle$Holder.invokeSpecial(java.lang.Object, java.lang.Object, java.lang.Object, int, java.lang.Object, java.lang.Object)'> (0x00000000d6169b30) 
thrown [s\src\hotspot\share\interpreter\linkResolver.cpp, line 773]
Event: 16.983 Thread 0x000001cd6a0de7d0 Exception <a 'java/lang/NoSuchMethodError'{0x00000000d617e558}: 'java.lang.Object java.lang.invoke.DirectMethodHandle$Holder.newInvokeSpecial(java.lang.Object, java.lang.Object, java.lang.Object, int, java.lang.Object)'> (0x00000000d617e558) 
thrown [s\src\hotspot\share\interpreter\linkResolver.cpp, line 773]
Event: 16.983 Thread 0x000001cd6a0de7d0 Exception <a 'java/lang/NoSuchMethodError'{0x00000000d6182518}: 'java.lang.Object java.lang.invoke.DirectMethodHandle$Holder.invokeSpecial(java.lang.Object, java.lang.Object, java.lang.Object, java.lang.Object, int, java.lang.Object)'> (0x00000000d6182518) 
thrown [s\src\hotspot\share\interpreter\linkResolver.cpp, line 773]
Event: 16.983 Thread 0x000001cd6a0de7d0 Exception <a 'java/lang/NoSuchMethodError'{0x00000000d6186058}: 'java.lang.Object java.lang.invoke.Invokers$Holder.linkToTargetMethod(java.lang.Object, java.lang.Object, int, java.lang.Object, java.lang.Object)'> (0x00000000d6186058) 
thrown [s\src\hotspot\share\interpreter\linkResolver.cpp, line 773]
Event: 16.984 Thread 0x000001cd6a0dcd90 Exception <a 'java/lang/NoSuchMethodError'{0x00000000d60c0d50}: 'java.lang.Object java.lang.invoke.DirectMethodHandle$Holder.invokeSpecial(java.lang.Object, java.lang.Object, int, java.lang.Object, java.lang.Object)'> (0x00000000d60c0d50) 
thrown [s\src\hotspot\share\interpreter\linkResolver.cpp, line 773]
Event: 16.984 Thread 0x000001cd6a0dcd90 Exception <a 'java/lang/NoSuchMethodError'{0x00000000d60c7a88}: 'java.lang.Object java.lang.invoke.DirectMethodHandle$Holder.newInvokeSpecial(java.lang.Object, java.lang.Object, int, java.lang.Object)'> (0x00000000d60c7a88) 
thrown [s\src\hotspot\share\interpreter\linkResolver.cpp, line 773]
Event: 16.985 Thread 0x000001cd6a0dcd90 Exception <a 'java/lang/NoSuchMethodError'{0x00000000d60cb3a8}: 'java.lang.Object java.lang.invoke.DirectMethodHandle$Holder.invokeSpecial(java.lang.Object, java.lang.Object, java.lang.Object, int, java.lang.Object)'> (0x00000000d60cb3a8) 
thrown [s\src\hotspot\share\interpreter\linkResolver.cpp, line 773]
Event: 17.002 Thread 0x000001cd6a0de7d0 Exception <a 'java/lang/NoSuchMethodError'{0x00000000d62be108}: 'void java.lang.invoke.DirectMethodHandle$Holder.invokeSpecial(java.lang.Object, java.lang.Object, java.lang.Object, java.lang.Object, java.lang.Object)'> (0x00000000d62be108) 
thrown [s\src\hotspot\share\interpreter\linkResolver.cpp, line 773]
Event: 17.045 Thread 0x000001cd6a0de7d0 Exception <a 'java/lang/NoSuchMethodError'{0x00000000d6591880}: 'double java.lang.invoke.DirectMethodHandle$Holder.invokeStatic(java.lang.Object, java.lang.Object)'> (0x00000000d6591880) 
thrown [s\src\hotspot\share\interpreter\linkResolver.cpp, line 773]
Event: 17.046 Thread 0x000001cd6a0de7d0 Exception <a 'java/lang/NoSuchMethodError'{0x00000000d6594f40}: 'double java.lang.invoke.DirectMethodHandle$Holder.invokeStaticInit(java.lang.Object, java.lang.Object)'> (0x00000000d6594f40) 
thrown [s\src\hotspot\share\interpreter\linkResolver.cpp, line 773]
Event: 17.132 Thread 0x000001cd6a0de7d0 Exception <a 'java/io/FileNotFoundException'{0x00000000d5cad4e0}> (0x00000000d5cad4e0) 
thrown [s\src\hotspot\share\prims\jni.cpp, line 520]
Event: 17.132 Thread 0x000001cd6a0de7d0 Exception <a 'java/io/FileNotFoundException'{0x00000000d5cae5c0}> (0x00000000d5cae5c0) 
thrown [s\src\hotspot\share\prims\jni.cpp, line 520]
Event: 17.132 Thread 0x000001cd6a0de7d0 Exception <a 'java/io/FileNotFoundException'{0x00000000d5caf798}> (0x00000000d5caf798) 
thrown [s\src\hotspot\share\prims\jni.cpp, line 520]
Event: 17.233 Thread 0x000001cd6a0de7d0 Exception <a 'java/lang/NoSuchMethodError'{0x00000000d6607a90}: 'int java.lang.invoke.DirectMethodHandle$Holder.invokeStaticInit(java.lang.Object, java.lang.Object, java.lang.Object)'> (0x00000000d6607a90) 
thrown [s\src\hotspot\share\interpreter\linkResolver.cpp, line 773]
Event: 17.262 Thread 0x000001cd6a0de7d0 Implicit null exception at 0x000001cd1b6940f5 to 0x000001cd1b6941d0

ZGC Phase Switch (0 events):
No events

VM Operations (20 events):
Event: 14.591 Executing VM operation: Cleanup
Event: 14.761 Executing VM operation: Cleanup done
Event: 15.773 Executing VM operation: Cleanup
Event: 16.493 Executing VM operation: Cleanup done
Event: 16.672 Executing VM operation: HandshakeAllThreads (Deoptimize)
Event: 16.672 Executing VM operation: HandshakeAllThreads (Deoptimize) done
Event: 16.752 Executing VM operation: ParallelGCFailedAllocation (Allocation Failure)
Event: 16.757 Executing VM operation: ParallelGCFailedAllocation (Allocation Failure) done
Event: 16.888 Executing VM operation: HandshakeAllThreads (Deoptimize)
Event: 16.888 Executing VM operation: HandshakeAllThreads (Deoptimize) done
Event: 16.894 Executing VM operation: HandshakeAllThreads (Deoptimize)
Event: 16.894 Executing VM operation: HandshakeAllThreads (Deoptimize) done
Event: 16.911 Executing VM operation: HandshakeAllThreads (Deoptimize)
Event: 16.911 Executing VM operation: HandshakeAllThreads (Deoptimize) done
Event: 17.106 Executing VM operation: ParallelGCFailedAllocation (Allocation Failure)
Event: 17.110 Executing VM operation: ParallelGCFailedAllocation (Allocation Failure) done
Event: 17.288 Executing VM operation: ParallelGCFailedAllocation (Allocation Failure)
Event: 17.293 Executing VM operation: ParallelGCFailedAllocation (Allocation Failure) done
Event: 18.298 Executing VM operation: Cleanup
Event: 18.298 Executing VM operation: Cleanup done

Memory protections (0 events):
No events

Nmethod flushes (0 events):
No events

Events (20 events):
Event: 1.506 Thread 0x000001cd6b6687f0 Thread exited: 0x000001cd6b6687f0
Event: 1.506 Thread 0x000001cd6a0f0c00 Thread exited: 0x000001cd6a0f0c00
Event: 2.599 Thread 0x000001cd6a224560 Thread exited: 0x000001cd6a224560
Event: 3.278 Thread 0x000001cd6a0ebc80 Thread exited: 0x000001cd6a0ebc80
Event: 9.254 Thread 0x000001cd6a050050 Thread exited: 0x000001cd6a050050
Event: 9.365 Thread 0x000001cd0ed3a920 Thread added: 0x000001cd6a0dc700
Event: 9.368 Thread 0x000001cd0ed3a920 Thread added: 0x000001cd6a0de7d0
Event: 12.571 Thread 0x000001cd6a0de7d0 Thread added: 0x000001cd6a0de140
Event: 12.583 Thread 0x000001cd69f87a50 Thread added: 0x000001cd70297290
Event: 13.719 Thread 0x000001cd69f87a50 Thread added: 0x000001cd701444a0
Event: 13.719 Thread 0x000001cd69f87a50 Thread added: 0x000001cd69fe19e0
Event: 15.010 Thread 0x000001cd69fe19e0 Thread exited: 0x000001cd69fe19e0
Event: 15.010 Thread 0x000001cd701444a0 Thread exited: 0x000001cd701444a0
Event: 16.702 Thread 0x000001cd6a0de7d0 Thread added: 0x000001cd6a0dee60
Event: 16.764 Thread 0x000001cd70297290 Thread added: 0x000001cd6b7aec70
Event: 16.900 Thread 0x000001cd6b7aec70 Thread added: 0x000001cd6be5a110
Event: 16.965 Thread 0x000001cd6a0de7d0 Thread added: 0x000001cd6a0dcd90
Event: 16.985 Thread 0x000001cd6a0de7d0 Thread added: 0x000001cd6a0dd420
Event: 17.105 Thread 0x000001cd69f87a50 Thread added: 0x000001cd6bae4300
Event: 17.252 Thread 0x000001cd6bae4300 Thread exited: 0x000001cd6bae4300


Dynamic libraries:
0x00007ff60c3f0000 - 0x00007ff60c3fe000 	c:\Users\Jason\.vscode\extensions\redhat.java-1.46.0-win32-x64\jre\21.0.8-win32-x86_64\bin\java.exe
0x00007ff85aa60000 - 0x00007ff85acc8000 	C:\Windows\SYSTEM32\ntdll.dll
0x00007ff85a7c0000 - 0x00007ff85a889000 	C:\Windows\System32\KERNEL32.DLL
0x00007ff857f40000 - 0x00007ff858332000 	C:\Windows\System32\KERNELBASE.dll
0x00007ff857d20000 - 0x00007ff857e6b000 	C:\Windows\System32\ucrtbase.dll
0x00007ff82d960000 - 0x00007ff82d978000 	c:\Users\Jason\.vscode\extensions\redhat.java-1.46.0-win32-x64\jre\21.0.8-win32-x86_64\bin\jli.dll
0x00007fffe6120000 - 0x00007fffe613e000 	c:\Users\Jason\.vscode\extensions\redhat.java-1.46.0-win32-x64\jre\21.0.8-win32-x86_64\bin\VCRUNTIME140.dll
0x00007ff858930000 - 0x00007ff858af5000 	C:\Windows\System32\USER32.dll
0x00007ff857f10000 - 0x00007ff857f37000 	C:\Windows\System32\win32u.dll
0x00007ff844540000 - 0x00007ff8447d3000 	C:\Windows\WinSxS\amd64_microsoft.windows.common-controls_6595b64144ccf1df_6.0.26100.6899_none_3e0efeeae32e88c1\COMCTL32.dll
0x00007ff85a480000 - 0x00007ff85a4ab000 	C:\Windows\System32\GDI32.dll
0x00007ff857bf0000 - 0x00007ff857d1d000 	C:\Windows\System32\gdi32full.dll
0x00007ff858830000 - 0x00007ff8588d9000 	C:\Windows\System32\msvcrt.dll
0x00007ff858340000 - 0x00007ff8583e3000 	C:\Windows\System32\msvcp_win.dll
0x00007ff85a440000 - 0x00007ff85a46f000 	C:\Windows\System32\IMM32.DLL
0x00007ff81d8a0000 - 0x00007ff81d8ac000 	c:\Users\Jason\.vscode\extensions\redhat.java-1.46.0-win32-x64\jre\21.0.8-win32-x86_64\bin\vcruntime140_1.dll
0x00007fffe6090000 - 0x00007fffe611d000 	c:\Users\Jason\.vscode\extensions\redhat.java-1.46.0-win32-x64\jre\21.0.8-win32-x86_64\bin\msvcp140.dll
0x00007fffe5230000 - 0x00007fffe5fc7000 	c:\Users\Jason\.vscode\extensions\redhat.java-1.46.0-win32-x64\jre\21.0.8-win32-x86_64\bin\server\jvm.dll
0x00007ff8594b0000 - 0x00007ff859564000 	C:\Windows\System32\ADVAPI32.dll
0x00007ff85a390000 - 0x00007ff85a436000 	C:\Windows\System32\sechost.dll
0x00007ff859390000 - 0x00007ff8594a8000 	C:\Windows\System32\RPCRT4.dll
0x00007ff859310000 - 0x00007ff859384000 	C:\Windows\System32\WS2_32.dll
0x00007ff857a50000 - 0x00007ff857aae000 	C:\Windows\SYSTEM32\POWRPROF.dll
0x00007ff84fde0000 - 0x00007ff84fe15000 	C:\Windows\SYSTEM32\WINMM.dll
0x00007ff84fe20000 - 0x00007ff84fe2b000 	C:\Windows\SYSTEM32\VERSION.dll
0x00007ff857a30000 - 0x00007ff857a44000 	C:\Windows\SYSTEM32\UMPDC.dll
0x00007ff856980000 - 0x00007ff85699b000 	C:\Windows\SYSTEM32\kernel.appcore.dll
0x00007fffee470000 - 0x00007fffee47a000 	c:\Users\Jason\.vscode\extensions\redhat.java-1.46.0-win32-x64\jre\21.0.8-win32-x86_64\bin\jimage.dll
0x00007ff855230000 - 0x00007ff855472000 	C:\Windows\SYSTEM32\DBGHELP.DLL
0x00007ff858b00000 - 0x00007ff858e7b000 	C:\Windows\System32\combase.dll
0x00007ff859870000 - 0x00007ff859947000 	C:\Windows\System32\OLEAUT32.dll
0x00007ff83f8e0000 - 0x00007ff83f91c000 	C:\Windows\SYSTEM32\dbgcore.DLL
0x00007ff857e70000 - 0x00007ff857f08000 	C:\Windows\System32\bcryptPrimitives.dll
0x00007fffe6080000 - 0x00007fffe608f000 	c:\Users\Jason\.vscode\extensions\redhat.java-1.46.0-win32-x64\jre\21.0.8-win32-x86_64\bin\instrument.dll
0x00007fffe6060000 - 0x00007fffe607f000 	c:\Users\Jason\.vscode\extensions\redhat.java-1.46.0-win32-x64\jre\21.0.8-win32-x86_64\bin\java.dll
0x00007ff859b50000 - 0x00007ff85a29d000 	C:\Windows\System32\SHELL32.dll
0x00007ff858600000 - 0x00007ff85876b000 	C:\Windows\System32\wintypes.dll
0x00007ff855800000 - 0x00007ff85605d000 	C:\Windows\SYSTEM32\windows.storage.dll
0x00007ff85a4e0000 - 0x00007ff85a5d2000 	C:\Windows\System32\SHCORE.dll
0x00007ff859950000 - 0x00007ff8599b2000 	C:\Windows\System32\shlwapi.dll
0x00007ff857b10000 - 0x00007ff857b39000 	C:\Windows\SYSTEM32\profapi.dll
0x00007fffe51c0000 - 0x00007fffe51d8000 	c:\Users\Jason\.vscode\extensions\redhat.java-1.46.0-win32-x64\jre\21.0.8-win32-x86_64\bin\zip.dll
0x00007fffe5ff0000 - 0x00007fffe6000000 	C:\Users\Jason\.vscode\extensions\redhat.java-1.46.0-win32-x64\jre\21.0.8-win32-x86_64\bin\net.dll
0x00007ff851960000 - 0x00007ff851a7f000 	C:\Windows\SYSTEM32\WINHTTP.dll
0x00007ff856ed0000 - 0x00007ff856f3b000 	C:\Windows\system32\mswsock.dll
0x00007fffe51a0000 - 0x00007fffe51b6000 	C:\Users\Jason\.vscode\extensions\redhat.java-1.46.0-win32-x64\jre\21.0.8-win32-x86_64\bin\nio.dll
0x00007fffe5190000 - 0x00007fffe51a0000 	c:\Users\Jason\.vscode\extensions\redhat.java-1.46.0-win32-x64\jre\21.0.8-win32-x86_64\bin\verify.dll
0x00007ff831060000 - 0x00007ff8310a4000 	C:\Users\Jason\AppData\Roaming\Code\User\globalStorage\redhat.java\1.46.0\config_ss_win\org.eclipse.equinox.launcher\org.eclipse.equinox.launcher.win32.win32.x86_64_1.2.1400.v20250801-0854\eclipse_11916.dll
0x00007ff859570000 - 0x00007ff859708000 	C:\Windows\System32\ole32.dll
0x00007ff831400000 - 0x00007ff83140a000 	C:\Users\Jason\.vscode\extensions\redhat.java-1.46.0-win32-x64\jre\21.0.8-win32-x86_64\bin\management.dll
0x00007ff831050000 - 0x00007ff83105b000 	C:\Users\Jason\.vscode\extensions\redhat.java-1.46.0-win32-x64\jre\21.0.8-win32-x86_64\bin\management_ext.dll
0x00007ff85aa10000 - 0x00007ff85aa18000 	C:\Windows\System32\PSAPI.DLL

JVMTI agents:
c:\Users\Jason\.vscode\extensions\redhat.java-1.46.0-win32-x64\lombok\lombok-1.18.39-4050.jar path:c:\Users\Jason\.vscode\extensions\redhat.java-1.46.0-win32-x64\jre\21.0.8-win32-x86_64\bin\instrument.dll, loaded, initialized, instrumentlib options:none

dbghelp: loaded successfully - version: 4.0.5 - missing functions: none
symbol engine: initialized successfully - sym options: 0x614 - pdb path: .;c:\Users\Jason\.vscode\extensions\redhat.java-1.46.0-win32-x64\jre\21.0.8-win32-x86_64\bin;C:\Windows\SYSTEM32;C:\Windows\WinSxS\amd64_microsoft.windows.common-controls_6595b64144ccf1df_6.0.26100.6899_none_3e0efeeae32e88c1;c:\Users\Jason\.vscode\extensions\redhat.java-1.46.0-win32-x64\jre\21.0.8-win32-x86_64\bin\server;C:\Users\Jason\AppData\Roaming\Code\User\globalStorage\redhat.java\1.46.0\config_ss_win\org.eclipse.equinox.launcher\org.eclipse.equinox.launcher.win32.win32.x86_64_1.2.1400.v20250801-0854

VM Arguments:
jvm_args: --add-modules=ALL-SYSTEM --add-opens=java.base/java.util=ALL-UNNAMED --add-opens=java.base/java.lang=ALL-UNNAMED --add-opens=java.base/sun.nio.fs=ALL-UNNAMED -Declipse.application=org.eclipse.jdt.ls.core.id1 -Dosgi.bundles.defaultStartLevel=4 -Declipse.product=org.eclipse.jdt.ls.core.product -Djava.import.generatesMetadataFilesAtProjectRoot=false -DDetectVMInstallationsJob.disabled=true -Dfile.encoding=utf8 -XX:+UseParallelGC -XX:GCTimeRatio=4 -XX:AdaptiveSizePolicyWeight=90 -Dsun.zip.disableMemoryMapping=true -Xmx2G -Xms100m -Xlog:disable -javaagent:c:\Users\Jason\.vscode\extensions\redhat.java-1.46.0-win32-x64\lombok\lombok-1.18.39-4050.jar 
java_command: c:\Users\Jason\.vscode\extensions\redhat.java-1.46.0-win32-x64\server\plugins\org.eclipse.equinox.launcher_1.7.0.v20250519-0528.jar -configuration c:\Users\Jason\AppData\Roaming\Code\User\globalStorage\redhat.java\1.46.0\config_ss_win -data c:\Users\Jason\AppData\Roaming\Code\User\workspaceStorage\10fffda7818e32b670e11f7ee4501fb7\redhat.java\ss_ws --pipe=\\.\pipe\lsp-27c673253173cdc1038c7d83e86f7b4a-sock
java_class_path (initial): c:\Users\Jason\.vscode\extensions\redhat.java-1.46.0-win32-x64\server\plugins\org.eclipse.equinox.launcher_1.7.0.v20250519-0528.jar
Launcher Type: SUN_STANDARD

[Global flags]
    uintx AdaptiveSizePolicyWeight                 = 90                                        {product} {command line}
     intx CICompilerCount                          = 12                                        {product} {ergonomic}
    uintx GCTimeRatio                              = 4                                         {product} {command line}
   size_t InitialHeapSize                          = 104857600                                 {product} {command line}
   size_t MaxHeapSize                              = 2147483648                                {product} {command line}
   size_t MaxNewSize                               = 715653120                                 {product} {ergonomic}
   size_t MinHeapDeltaBytes                        = 524288                                    {product} {ergonomic}
   size_t MinHeapSize                              = 104857600                                 {product} {command line}
   size_t NewSize                                  = 34603008                                  {product} {ergonomic}
    uintx NonNMethodCodeHeapSize                   = 7602480                                {pd product} {ergonomic}
    uintx NonProfiledCodeHeapSize                  = 122027880                              {pd product} {ergonomic}
   size_t OldSize                                  = 70254592                                  {product} {ergonomic}
    uintx ProfiledCodeHeapSize                     = 122027880                              {pd product} {ergonomic}
    uintx ReservedCodeCacheSize                    = 251658240                              {pd product} {ergonomic}
     bool SegmentedCodeCache                       = true                                      {product} {ergonomic}
   size_t SoftMaxHeapSize                          = 2147483648                             {manageable} {ergonomic}
     bool UseCompressedOops                        = true                           {product lp64_product} {ergonomic}
     bool UseLargePagesIndividualAllocation        = false                                  {pd product} {ergonomic}
     bool UseParallelGC                            = true                                      {product} {command line}

Logging:
Log output configuration:
 #0: stdout all=off uptime,level,tags foldmultilines=false
 #1: stderr all=off uptime,level,tags foldmultilines=false

Environment Variables:
JAVA_HOME=C:\Program Files\Eclipse Adoptium\jdk-21.0.8.9-hotspot\
PATH=C:\Program Files\Eclipse Adoptium\jdk-21.0.8.9-hotspot\bin;C:\Program Files\Eclipse Adoptium\jdk-17.0.16.8-hotspot\bin;C:\Windows\system32;C:\Windows;C:\Windows\System32\Wbem;C:\Windows\System32\WindowsPowerShell\v1.0\;C:\Windows\System32\OpenSSH\;D:\Tools\Git\cmd;C:\Program Files\nodejs\;C:\Program Files\Docker\Docker\resources\bin;C:\Program Files\Eclipse Adoptium\jdk-17.0.16.8-hotspot\bin;C:\Windows\system32;C:\Windows;C:\Windows\System32\Wbem;C:\Windows\System32\WindowsPowerShell\v1.0\;C:\Windows\System32\OpenSSH\;D:\Tools\Git\cmd;C:\Program Files\nodejs\;C:\Program Files\Docker\Docker\resources\bin;C:\Program Files\Eclipse Adoptium\jdk-17.0.16.8-hotspot\bin;C:\Windows\system32;C:\Windows;C:\Windows\System32\Wbem;C:\Windows\System32\WindowsPowerShell\v1.0\;C:\Windows\System32\OpenSSH\;D:\Tools\Git\cmd;C:\Program Files\nodejs\;C:\Program Files\Docker\Docker\resources\bin;C:\Users\Jason\AppData\Local\Microsoft\WindowsApps;D:\apps\Microsoft VS Code\bin;C:\Users\Jason\AppData\Roaming\npm;C:\Users\Jason\AppData\Local\GitHubDesktop\bin;D:\apps\IntelliJ IDEA 2025.2.1\bin;C:\Tools\apache-ant-1.10.xx\bin;D:\Tools\apache-ant-1.10.15\bin;D:\apps\cursor\resources\app\bin
USERNAME=Jason
OS=Windows_NT
PROCESSOR_IDENTIFIER=AMD64 Family 25 Model 116 Stepping 1, AuthenticAMD
TMP=C:\Users\Jason\AppData\Local\Temp
TEMP=C:\Users\Jason\AppData\Local\Temp




Periodic native trim disabled

---------------  S Y S T E M  ---------------

OS:
 Windows 11 , 64 bit Build 26100 (10.0.26100.6725)
OS uptime: 0 days 15:08 hours
Hyper-V role detected

CPU: total 16 (initial active 16) (16 cores per cpu, 2 threads per core) family 25 model 116 stepping 1 microcode 0xa704103, cx8, cmov, fxsr, ht, mmx, 3dnowpref, sse, sse2, sse3, ssse3, sse4a, sse4.1, sse4.2, popcnt, lzcnt, tsc, tscinvbit, avx, avx2, aes, erms, clmul, bmi1, bmi2, adx, avx512f, avx512dq, avx512cd, avx512bw, avx512vl, sha, fma, vzeroupper, avx512_vpopcntdq, avx512_vpclmulqdq, avx512_vaes, avx512_vnni, clflush, clflushopt, avx512_vbmi2, avx512_vbmi, hv, rdtscp, rdpid, gfni, avx512_bitalg, f16c, cet_ss, avx512_ifma
Processor Information for processor 0
  Max Mhz: 3801, Current Mhz: 2018, Mhz Limit: 3801
Processor Information for processor 1
  Max Mhz: 3801, Current Mhz: 2018, Mhz Limit: 3801
Processor Information for processor 2
  Max Mhz: 3801, Current Mhz: 2018, Mhz Limit: 3801
Processor Information for processor 3
  Max Mhz: 3801, Current Mhz: 2018, Mhz Limit: 3801
Processor Information for processor 4
  Max Mhz: 3801, Current Mhz: 2018, Mhz Limit: 3801
Processor Information for processor 5
  Max Mhz: 3801, Current Mhz: 2018, Mhz Limit: 3801
Processor Information for processor 6
  Max Mhz: 3801, Current Mhz: 2018, Mhz Limit: 3801
Processor Information for processor 7
  Max Mhz: 3801, Current Mhz: 3486, Mhz Limit: 3801
Processor Information for processor 8
  Max Mhz: 3801, Current Mhz: 2018, Mhz Limit: 3801
Processor Information for processor 9
  Max Mhz: 3801, Current Mhz: 2018, Mhz Limit: 3801
Processor Information for processor 10
  Max Mhz: 3801, Current Mhz: 2018, Mhz Limit: 3801
Processor Information for processor 11
  Max Mhz: 3801, Current Mhz: 3486, Mhz Limit: 3801
Processor Information for processor 12
  Max Mhz: 3801, Current Mhz: 3486, Mhz Limit: 3801
Processor Information for processor 13
  Max Mhz: 3801, Current Mhz: 3486, Mhz Limit: 3801
Processor Information for processor 14
  Max Mhz: 3801, Current Mhz: 3486, Mhz Limit: 3801
Processor Information for processor 15
  Max Mhz: 3801, Current Mhz: 2018, Mhz Limit: 3801

Memory: 4k page, system-wide physical 15540M (582M free)
TotalPageFile size 34290M (AvailPageFile size 9M)
current process WorkingSet (physical memory assigned to process): 141M, peak: 141M
current process commit charge ("private bytes"): 298M, peak: 298M

vm_info: OpenJDK 64-Bit Server VM (21.0.8+9-LTS) for windows-amd64 JRE (21.0.8+9-LTS), built on 2025-07-15T00:00:00Z by "admin" with MS VC++ 17.7 (VS2022)

END.
